d:\documents\csc8503 - advanced game technologies\framework (tutorials)\physics-framework\build\nclgl\release\nclgl.pdb
d:\documents\csc8503 - advanced game technologies\framework (tutorials)\physics-framework\build\nclgl\release\window.obj
d:\documents\csc8503 - advanced game technologies\framework (tutorials)\physics-framework\build\nclgl\release\shader.obj
d:\documents\csc8503 - advanced game technologies\framework (tutorials)\physics-framework\build\nclgl\release\scenenode.obj
d:\documents\csc8503 - advanced game technologies\framework (tutorials)\physics-framework\build\nclgl\release\quaternion.obj
d:\documents\csc8503 - advanced game technologies\framework (tutorials)\physics-framework\build\nclgl\release\plane.obj
d:\documents\csc8503 - advanced game technologies\framework (tutorials)\physics-framework\build\nclgl\release\oglrenderer.obj
d:\documents\csc8503 - advanced game technologies\framework (tutorials)\physics-framework\build\nclgl\release\objmesh.obj
d:\documents\csc8503 - advanced game technologies\framework (tutorials)\physics-framework\build\nclgl\release\mouse.obj
d:\documents\csc8503 - advanced game technologies\framework (tutorials)\physics-framework\build\nclgl\release\mesh.obj
d:\documents\csc8503 - advanced game technologies\framework (tutorials)\physics-framework\build\nclgl\release\md5node.obj
d:\documents\csc8503 - advanced game technologies\framework (tutorials)\physics-framework\build\nclgl\release\md5mesh.obj
d:\documents\csc8503 - advanced game technologies\framework (tutorials)\physics-framework\build\nclgl\release\md5filedata.obj
d:\documents\csc8503 - advanced game technologies\framework (tutorials)\physics-framework\build\nclgl\release\md5anim.obj
d:\documents\csc8503 - advanced game technologies\framework (tutorials)\physics-framework\build\nclgl\release\matrix4.obj
d:\documents\csc8503 - advanced game technologies\framework (tutorials)\physics-framework\build\nclgl\release\matrix3.obj
d:\documents\csc8503 - advanced game technologies\framework (tutorials)\physics-framework\build\nclgl\release\keyboard.obj
d:\documents\csc8503 - advanced game technologies\framework (tutorials)\physics-framework\build\nclgl\release\gametimer.obj
d:\documents\csc8503 - advanced game technologies\framework (tutorials)\physics-framework\build\nclgl\release\frustum.obj
d:\documents\csc8503 - advanced game technologies\framework (tutorials)\physics-framework\build\nclgl\release\cuberobot.obj
d:\documents\csc8503 - advanced game technologies\framework (tutorials)\physics-framework\build\nclgl\release\camera.obj
d:\documents\csc8503 - advanced game technologies\framework (tutorials)\physics-framework\build\release\nclgl.lib
d:\documents\csc8503 - advanced game technologies\framework (tutorials)\physics-framework\build\nclgl\release\nclgl.tlog\cl.command.1.tlog
d:\documents\csc8503 - advanced game technologies\framework (tutorials)\physics-framework\build\nclgl\release\nclgl.tlog\cl.read.1.tlog
d:\documents\csc8503 - advanced game technologies\framework (tutorials)\physics-framework\build\nclgl\release\nclgl.tlog\cl.write.1.tlog
d:\documents\csc8503 - advanced game technologies\framework (tutorials)\physics-framework\build\nclgl\release\nclgl.tlog\lib-link.read.1.tlog
d:\documents\csc8503 - advanced game technologies\framework (tutorials)\physics-framework\build\nclgl\release\nclgl.tlog\lib-link.write.1.tlog
d:\documents\csc8503 - advanced game technologies\framework (tutorials)\physics-framework\build\nclgl\release\nclgl.tlog\lib.command.1.tlog
