Build started 08/12/2016 12:42:45.
     1>Project "D:\Documents\CSC8503 - Advanced Game Technologies\Framework (Tutorials)\Physics-Framework\Build\nclgl\nclgl.vcxproj" on node 2 (Build target(s)).
     1>Lib:
         C:\Program Files (x86)\Microsoft Visual Studio 14.0\VC\bin\Lib.exe /OUT:"D:\Documents\CSC8503 - Advanced Game Technologies\Framework (Tutorials)\Physics-Framework\Build\Release\nclgl.lib" /NOLOGO /LTCG Release\Camera.obj
         Release\CubeRobot.obj
         Release\Frustum.obj
         Release\GameTimer.obj
         Release\Keyboard.obj
         Release\Matrix3.obj
         Release\Matrix4.obj
         Release\MD5Anim.obj
         Release\MD5FileData.obj
         Release\MD5Mesh.obj
         Release\MD5Node.obj
         Release\Mesh.obj
         Release\Mouse.obj
         Release\OBJMesh.obj
         Release\OGLRenderer.obj
         Release\Plane.obj
         Release\Quaternion.obj
         Release\SceneNode.obj
         Release\Shader.obj
         Release\Window.obj
         nclgl.vcxproj -> D:\Documents\CSC8503 - Advanced Game Technologies\Framework (Tutorials)\Physics-Framework\Build\Release\nclgl.lib
     1>Done Building Project "D:\Documents\CSC8503 - Advanced Game Technologies\Framework (Tutorials)\Physics-Framework\Build\nclgl\nclgl.vcxproj" (Build target(s)).

Build succeeded.

Time Elapsed 00:00:00.76
