d:\documents\csc8503 - advanced game technologies\framework (tutorials)\physics-framework\build\ncltech\release\ncltech.pdb
d:\documents\csc8503 - advanced game technologies\framework (tutorials)\physics-framework\build\ncltech\release\spherecollisionshape.obj
d:\documents\csc8503 - advanced game technologies\framework (tutorials)\physics-framework\build\ncltech\release\objectmesh.obj
d:\documents\csc8503 - advanced game technologies\framework (tutorials)\physics-framework\build\ncltech\release\screenpicker.obj
d:\documents\csc8503 - advanced game technologies\framework (tutorials)\physics-framework\build\ncltech\release\scene.obj
d:\documents\csc8503 - advanced game technologies\framework (tutorials)\physics-framework\build\ncltech\release\scenerenderer.obj
d:\documents\csc8503 - advanced game technologies\framework (tutorials)\physics-framework\build\ncltech\release\scenemanager.obj
d:\documents\csc8503 - advanced game technologies\framework (tutorials)\physics-framework\build\ncltech\release\renderlist.obj
d:\documents\csc8503 - advanced game technologies\framework (tutorials)\physics-framework\build\ncltech\release\physicsobject.obj
d:\documents\csc8503 - advanced game technologies\framework (tutorials)\physics-framework\build\ncltech\release\physicsengine.obj
d:\documents\csc8503 - advanced game technologies\framework (tutorials)\physics-framework\build\ncltech\release\manifold.obj
d:\documents\csc8503 - advanced game technologies\framework (tutorials)\physics-framework\build\ncltech\release\hull.obj
d:\documents\csc8503 - advanced game technologies\framework (tutorials)\physics-framework\build\ncltech\release\object.obj
d:\documents\csc8503 - advanced game technologies\framework (tutorials)\physics-framework\build\ncltech\release\ncldebug.obj
d:\documents\csc8503 - advanced game technologies\framework (tutorials)\physics-framework\build\ncltech\release\objectmeshdragable.obj
d:\documents\csc8503 - advanced game technologies\framework (tutorials)\physics-framework\build\ncltech\release\networkbase.obj
d:\documents\csc8503 - advanced game technologies\framework (tutorials)\physics-framework\build\ncltech\release\cuboidcollisionshape.obj
d:\documents\csc8503 - advanced game technologies\framework (tutorials)\physics-framework\build\ncltech\release\commonutils.obj
d:\documents\csc8503 - advanced game technologies\framework (tutorials)\physics-framework\build\ncltech\release\commonmeshes.obj
d:\documents\csc8503 - advanced game technologies\framework (tutorials)\physics-framework\build\ncltech\release\collisiondetectionsat.obj
d:\documents\csc8503 - advanced game technologies\framework (tutorials)\physics-framework\build\release\ncltech.lib
d:\documents\csc8503 - advanced game technologies\framework (tutorials)\physics-framework\build\ncltech\release\ncltech.tlog\cl.command.1.tlog
d:\documents\csc8503 - advanced game technologies\framework (tutorials)\physics-framework\build\ncltech\release\ncltech.tlog\cl.read.1.tlog
d:\documents\csc8503 - advanced game technologies\framework (tutorials)\physics-framework\build\ncltech\release\ncltech.tlog\cl.write.1.tlog
d:\documents\csc8503 - advanced game technologies\framework (tutorials)\physics-framework\build\ncltech\release\ncltech.tlog\lib-link.read.1.tlog
d:\documents\csc8503 - advanced game technologies\framework (tutorials)\physics-framework\build\ncltech\release\ncltech.tlog\lib-link.write.1.tlog
d:\documents\csc8503 - advanced game technologies\framework (tutorials)\physics-framework\build\ncltech\release\ncltech.tlog\lib.command.1.tlog
