Build started 08/12/2016 12:45:27.
     1>Project "D:\Documents\CSC8503 - Advanced Game Technologies\Framework (Tutorials)\Physics-Framework\Build\ncltech\ncltech.vcxproj" on node 3 (Build target(s)).
     1>ClCompile:
         C:\Program Files (x86)\Microsoft Visual Studio 14.0\VC\bin\CL.exe /c /Zi /nologo /W3 /WX /sdl /O2 /Oi /Oy- /GL /D _MBCS /Gm- /EHsc /MD /GS /Gy /fp:precise /Zc:wchar_t /Zc:forScope /Zc:inline /openmp /Fo"Release\\" /Fd"Release\ncltech.pdb" /Gd /TP /analyze- /errorReport:prompt SceneManager.cpp SceneRenderer.cpp
         SceneManager.cpp
         SceneRenderer.cpp
       Lib:
         C:\Program Files (x86)\Microsoft Visual Studio 14.0\VC\bin\Lib.exe /OUT:"D:\Documents\CSC8503 - Advanced Game Technologies\Framework (Tutorials)\Physics-Framework\Build\Release\ncltech.lib" /NOLOGO /LTCG Release\CollisionDetectionSAT.obj
         Release\CommonMeshes.obj
         Release\CommonUtils.obj
         Release\CuboidCollisionShape.obj
         Release\NetworkBase.obj
         Release\ObjectMeshDragable.obj
         Release\NCLDebug.obj
         Release\Object.obj
         Release\Hull.obj
         Release\Manifold.obj
         Release\PhysicsEngine.obj
         Release\PhysicsObject.obj
         Release\RenderList.obj
         Release\SceneManager.obj
         Release\SceneRenderer.obj
         Release\Scene.obj
         Release\ScreenPicker.obj
         Release\ObjectMesh.obj
         Release\SphereCollisionShape.obj
         ncltech.vcxproj -> D:\Documents\CSC8503 - Advanced Game Technologies\Framework (Tutorials)\Physics-Framework\Build\Release\ncltech.lib
     1>Done Building Project "D:\Documents\CSC8503 - Advanced Game Technologies\Framework (Tutorials)\Physics-Framework\Build\ncltech\ncltech.vcxproj" (Build target(s)).

Build succeeded.

Time Elapsed 00:00:02.10
